<?xml version="1.0" encoding="UTF-8"?>
<!-- Generated by org.testng.reporters.JUnitReportReporter -->
<testsuite hostname="DESKTOP-B1RA2TN" failures="0" tests="2" name="org.example.ErrorValidationsTest" time="12.130" errors="0" timestamp="2022-09-13T18:24:26 EEST" skipped="0">
  <testcase classname="org.example.ErrorValidationsTest" name="submitOrder" time="4.082"/>
  <system-out/>
  <testcase classname="org.example.ErrorValidationsTest" name="productErrorValidation" time="8.048"/>
  <system-out/>
</testsuite> <!-- org.example.ErrorValidationsTest -->
