<?xml version="1.0" encoding="UTF-8"?>
<!-- Generated by org.testng.reporters.JUnitReportReporter -->
<testsuite hostname="DESKTOP-B1RA2TN" failures="0" tests="2" name="org.example.ErrorValidationsTest" time="12.559" errors="0" timestamp="2022-09-13T17:52:28 EEST" skipped="0">
  <testcase classname="org.example.ErrorValidationsTest" name="submitOrder" time="4.160"/>
  <system-out/>
  <testcase classname="org.example.ErrorValidationsTest" name="productErrorValidation" time="8.399"/>
  <system-out/>
</testsuite> <!-- org.example.ErrorValidationsTest -->
