<?xml version="1.0" encoding="UTF-8"?>
<!-- Generated by org.testng.reporters.JUnitReportReporter -->
<testsuite hostname="DESKTOP-B1RA2TN" failures="0" tests="1" name="cucumber.TestNGTestRunner" time="9.018" errors="0" timestamp="2022-09-14T16:28:30 EEST" skipped="0">
  <testcase classname="cucumber.TestNGTestRunner" name="runScenario" time="9.018"/>
  <system-out/>
</testsuite> <!-- cucumber.TestNGTestRunner -->
